# JRE version: OpenJDK Runtime Environment (21.0.2+13) (build 21.0.2+13-58)
# Java VM: OpenJDK 64-Bit Server VM (21.0.2+13-58, mixed mode, sharing, tiered, compressed oops, compressed class ptrs, g1 gc, bsd-aarch64)
Heap:
 garbage-first heap   total 114688K, used 30703K [0x00000005c0000000, 0x0000000800000000)
  region size 8192K, 4 young (32768K), 2 survivors (16384K)
 Metaspace       used 24636K, committed 25088K, reserved 1114112K
  class space    used 3473K, committed 3712K, reserved 1048576K
GC Heap History (6 events):
Event: 5.285 GC heap before
{Heap before GC invocations=0 (full 0):
 garbage-first heap   total 598016K, used 25612K [0x00000005c0000000, 0x0000000800000000)
  region size 8192K, 3 young (24576K), 0 survivors (0K)
 Metaspace       used 7006K, committed 7232K, reserved 1114112K
  class space    used 811K, committed 896K, reserved 1048576K
}
Event: 5.286 GC heap after
{Heap after GC invocations=1 (full 0):
 garbage-first heap   total 598016K, used 4465K [0x00000005c0000000, 0x0000000800000000)
  region size 8192K, 1 young (8192K), 1 survivors (8192K)
 Metaspace       used 7006K, committed 7232K, reserved 1114112K
  class space    used 811K, committed 896K, reserved 1048576K
}
Event: 5.426 GC heap before
{Heap before GC invocations=1 (full 0):
 garbage-first heap   total 598016K, used 29041K [0x00000005c0000000, 0x0000000800000000)
  region size 8192K, 5 young (40960K), 1 survivors (8192K)
 Metaspace       used 12801K, committed 13120K, reserved 1114112K
  class space    used 1944K, committed 2112K, reserved 1048576K
}
Event: 5.427 GC heap after
{Heap after GC invocations=2 (full 0):
 garbage-first heap   total 598016K, used 7207K [0x00000005c0000000, 0x0000000800000000)
  region size 8192K, 1 young (8192K), 1 survivors (8192K)
 Metaspace       used 12801K, committed 13120K, reserved 1114112K
  class space    used 1944K, committed 2112K, reserved 1048576K
}
Event: 10.484 GC heap before
{Heap before GC invocations=2 (full 0):
 garbage-first heap   total 598016K, used 31783K [0x00000005c0000000, 0x0000000800000000)
  region size 8192K, 5 young (40960K), 1 survivors (8192K)
 Metaspace       used 21094K, committed 21504K, reserved 1114112K
  class space    used 3028K, committed 3200K, reserved 1048576K
}
Event: 10.486 GC heap after
{Heap after GC invocations=3 (full 0):
 garbage-first heap   total 598016K, used 15030K [0x00000005c0000000, 0x0000000800000000)
  region size 8192K, 2 young (16384K), 2 survivors (16384K)
 Metaspace       used 21094K, committed 21504K, reserved 1114112K
  class space    used 3028K, committed 3200K, reserved 1048576K
}

