# JRE version: OpenJDK Runtime Environment (21.0.2+13) (build 21.0.2+13-58)
# Java VM: OpenJDK 64-Bit Server VM (21.0.2+13-58, mixed mode, sharing, tiered, compressed oops, compressed class ptrs, g1 gc, bsd-aarch64)
Heap:
 garbage-first heap   total 114688K, used 29893K [0x00000005c0000000, 0x0000000800000000)
  region size 8192K, 5 young (40960K), 2 survivors (16384K)
 Metaspace       used 25107K, committed 25472K, reserved 1114112K
  class space    used 3439K, committed 3584K, reserved 1048576K
GC Heap History (6 events):
Event: 5.280 GC heap before
{Heap before GC invocations=0 (full 0):
 garbage-first heap   total 598016K, used 25612K [0x00000005c0000000, 0x0000000800000000)
  region size 8192K, 3 young (24576K), 0 survivors (0K)
 Metaspace       used 7022K, committed 7168K, reserved 1114112K
  class space    used 809K, committed 896K, reserved 1048576K
}
Event: 5.281 GC heap after
{Heap after GC invocations=1 (full 0):
 garbage-first heap   total 598016K, used 4457K [0x00000005c0000000, 0x0000000800000000)
  region size 8192K, 1 young (8192K), 1 survivors (8192K)
 Metaspace       used 7022K, committed 7168K, reserved 1114112K
  class space    used 809K, committed 896K, reserved 1048576K
}
Event: 5.513 GC heap before
{Heap before GC invocations=1 (full 0):
 garbage-first heap   total 598016K, used 37225K [0x00000005c0000000, 0x0000000800000000)
  region size 8192K, 5 young (40960K), 1 survivors (8192K)
 Metaspace       used 12880K, committed 13184K, reserved 1114112K
  class space    used 1923K, committed 2048K, reserved 1048576K
}
Event: 5.515 GC heap after
{Heap after GC invocations=2 (full 0):
 garbage-first heap   total 598016K, used 7649K [0x00000005c0000000, 0x0000000800000000)
  region size 8192K, 1 young (8192K), 1 survivors (8192K)
 Metaspace       used 12880K, committed 13184K, reserved 1114112K
  class space    used 1923K, committed 2048K, reserved 1048576K
}
Event: 15.673 GC heap before
{Heap before GC invocations=2 (full 0):
 garbage-first heap   total 598016K, used 56801K [0x00000005c0000000, 0x0000000800000000)
  region size 8192K, 9 young (73728K), 1 survivors (8192K)
 Metaspace       used 21122K, committed 21504K, reserved 1114112K
  class space    used 2960K, committed 3072K, reserved 1048576K
}
Event: 15.676 GC heap after
{Heap after GC invocations=3 (full 0):
 garbage-first heap   total 598016K, used 12922K [0x00000005c0000000, 0x0000000800000000)
  region size 8192K, 2 young (16384K), 2 survivors (16384K)
 Metaspace       used 21122K, committed 21504K, reserved 1114112K
  class space    used 2960K, committed 3072K, reserved 1048576K
}

