# JRE version: OpenJDK Runtime Environment (21.0.2+13) (build 21.0.2+13-58)
# Java VM: OpenJDK 64-Bit Server VM (21.0.2+13-58, mixed mode, sharing, tiered, compressed oops, compressed class ptrs, g1 gc, bsd-aarch64)
Heap:
 garbage-first heap   total 114688K, used 27522K [0x00000005c0000000, 0x0000000800000000)
  region size 8192K, 4 young (32768K), 2 survivors (16384K)
 Metaspace       used 24487K, committed 24960K, reserved 1114112K
  class space    used 3384K, committed 3584K, reserved 1048576K
GC Heap History (6 events):
Event: 5.278 GC heap before
{Heap before GC invocations=0 (full 0):
 garbage-first heap   total 598016K, used 25612K [0x00000005c0000000, 0x0000000800000000)
  region size 8192K, 3 young (24576K), 0 survivors (0K)
 Metaspace       used 7031K, committed 7232K, reserved 1114112K
  class space    used 813K, committed 896K, reserved 1048576K
}
Event: 5.279 GC heap after
{Heap after GC invocations=1 (full 0):
 garbage-first heap   total 598016K, used 4486K [0x00000005c0000000, 0x0000000800000000)
  region size 8192K, 1 young (8192K), 1 survivors (8192K)
 Metaspace       used 7031K, committed 7232K, reserved 1114112K
  class space    used 813K, committed 896K, reserved 1048576K
}
Event: 5.413 GC heap before
{Heap before GC invocations=1 (full 0):
 garbage-first heap   total 598016K, used 29062K [0x00000005c0000000, 0x0000000800000000)
  region size 8192K, 5 young (40960K), 1 survivors (8192K)
 Metaspace       used 12832K, committed 13184K, reserved 1114112K
  class space    used 1953K, committed 2112K, reserved 1048576K
}
Event: 5.414 GC heap after
{Heap after GC invocations=2 (full 0):
 garbage-first heap   total 598016K, used 7075K [0x00000005c0000000, 0x0000000800000000)
  region size 8192K, 1 young (8192K), 1 survivors (8192K)
 Metaspace       used 12832K, committed 13184K, reserved 1114112K
  class space    used 1953K, committed 2112K, reserved 1048576K
}
Event: 9.499 GC heap before
{Heap before GC invocations=2 (full 0):
 garbage-first heap   total 598016K, used 23459K [0x00000005c0000000, 0x0000000800000000)
  region size 8192K, 5 young (40960K), 1 survivors (8192K)
 Metaspace       used 21086K, committed 21504K, reserved 1114112K
  class space    used 3041K, committed 3264K, reserved 1048576K
}
Event: 9.501 GC heap after
{Heap after GC invocations=3 (full 0):
 garbage-first heap   total 598016K, used 12410K [0x00000005c0000000, 0x0000000800000000)
  region size 8192K, 2 young (16384K), 2 survivors (16384K)
 Metaspace       used 21086K, committed 21504K, reserved 1114112K
  class space    used 3041K, committed 3264K, reserved 1048576K
}

