# JRE version: OpenJDK Runtime Environment (21.0.2+13) (build 21.0.2+13-58)
# Java VM: OpenJDK 64-Bit Server VM (21.0.2+13-58, mixed mode, sharing, tiered, compressed oops, compressed class ptrs, g1 gc, bsd-aarch64)
Heap:
 garbage-first heap   total 114688K, used 23402K [0x00000005c0000000, 0x0000000800000000)
  region size 8192K, 4 young (32768K), 2 survivors (16384K)
 Metaspace       used 21962K, committed 22400K, reserved 1114112K
  class space    used 3125K, committed 3328K, reserved 1048576K
GC Heap History (6 events):
Event: 5.277 GC heap before
{Heap before GC invocations=0 (full 0):
 garbage-first heap   total 598016K, used 25612K [0x00000005c0000000, 0x0000000800000000)
  region size 8192K, 3 young (24576K), 0 survivors (0K)
 Metaspace       used 6689K, committed 6848K, reserved 1114112K
  class space    used 787K, committed 896K, reserved 1048576K
}
Event: 5.278 GC heap after
{Heap after GC invocations=1 (full 0):
 garbage-first heap   total 598016K, used 4509K [0x00000005c0000000, 0x0000000800000000)
  region size 8192K, 1 young (8192K), 1 survivors (8192K)
 Metaspace       used 6689K, committed 6848K, reserved 1114112K
  class space    used 787K, committed 896K, reserved 1048576K
}
Event: 5.412 GC heap before
{Heap before GC invocations=1 (full 0):
 garbage-first heap   total 598016K, used 29085K [0x00000005c0000000, 0x0000000800000000)
  region size 8192K, 5 young (40960K), 1 survivors (8192K)
 Metaspace       used 12493K, committed 12736K, reserved 1114112K
  class space    used 1926K, committed 2048K, reserved 1048576K
}
Event: 5.414 GC heap after
{Heap after GC invocations=2 (full 0):
 garbage-first heap   total 598016K, used 7041K [0x00000005c0000000, 0x0000000800000000)
  region size 8192K, 1 young (8192K), 1 survivors (8192K)
 Metaspace       used 12493K, committed 12736K, reserved 1114112K
  class space    used 1926K, committed 2048K, reserved 1048576K
}
Event: 12.975 GC heap before
{Heap before GC invocations=2 (full 0):
 garbage-first heap   total 598016K, used 23425K [0x00000005c0000000, 0x0000000800000000)
  region size 8192K, 5 young (40960K), 1 survivors (8192K)
 Metaspace       used 21099K, committed 21504K, reserved 1114112K
  class space    used 3042K, committed 3264K, reserved 1048576K
}
Event: 12.977 GC heap after
{Heap after GC invocations=3 (full 0):
 garbage-first heap   total 598016K, used 12605K [0x00000005c0000000, 0x0000000800000000)
  region size 8192K, 2 young (16384K), 2 survivors (16384K)
 Metaspace       used 21099K, committed 21504K, reserved 1114112K
  class space    used 3042K, committed 3264K, reserved 1048576K
}

